<?xml version="1.0" encoding="UTF-8"?>
<robot generator="Robot 4.1 (Python 3.8.10 on win32)" generated="20221017 15:08:22.279" rpa="false" schemaversion="2">
<suite id="s1" name="Simple" source="c:\Users\mica\GitHub\RobotFramework\tests\simple.robot">
<test id="s1-t1" name="TestCase1">
<kw name="Log" library="BuiltIn">
<arg>"Hello World!"</arg>
<doc>Logs the given message with the given level.</doc>
<msg timestamp="20221017 15:08:22.321" level="INFO">"Hello World!"</msg>
<status status="PASS" starttime="20221017 15:08:22.321" endtime="20221017 15:08:22.324"/>
</kw>
<kw name="Read" library="Actuator">
<var>${position}</var>
<arg>POSITION</arg>
<msg timestamp="20221017 15:08:22.326" level="INFO">Usb2Lin.get_lin_config - reference=0, value=0
Parameters.read - ini_name=POSITION, value=0
Actuator.read - ini_name=POSITION, value=0</msg>
<msg timestamp="20221017 15:08:22.326" level="INFO">${position} = 0</msg>
<status status="PASS" starttime="20221017 15:08:22.325" endtime="20221017 15:08:22.326"/>
</kw>
<kw name="Log" library="BuiltIn">
<arg>${position}</arg>
<doc>Logs the given message with the given level.</doc>
<msg timestamp="20221017 15:08:22.327" level="INFO">0</msg>
<status status="PASS" starttime="20221017 15:08:22.327" endtime="20221017 15:08:22.327"/>
</kw>
<status status="PASS" starttime="20221017 15:08:22.320" endtime="20221017 15:08:22.328"/>
</test>
<status status="PASS" starttime="20221017 15:08:22.285" endtime="20221017 15:08:22.330"/>
</suite>
<statistics>
<total>
<stat pass="1" fail="0" skip="0">All Tests</stat>
</total>
<tag>
</tag>
<suite>
<stat pass="1" fail="0" skip="0" id="s1" name="Simple">Simple</stat>
</suite>
</statistics>
<errors>
</errors>
</robot>
